<?xml version="1.0" encoding="UTF-8"?>
<!-- Generated by org.testng.reporters.JUnitReportReporter -->
<testsuite hostname="LAPTOP-3TPPPFOH" failures="0" tests="1" name="com.ZeroTestClasses.TC02VarifyWatchlistSearchBoxISEnabled" time="8.803" errors="0" timestamp="2022-07-24T12:16:39 IST" skipped="0">
  <testcase classname="com.ZeroTestClasses.TC02VarifyWatchlistSearchBoxISEnabled" name="WatchListSearchBoxChecking" time="8.803"/>
  <system-out/>
</testsuite> <!-- com.ZeroTestClasses.TC02VarifyWatchlistSearchBoxISEnabled -->
