<?xml version="1.0" encoding="UTF-8"?>
<!-- Generated by org.testng.reporters.JUnitReportReporter -->
<testsuite hostname="LAPTOP-3TPPPFOH" failures="0" tests="1" name="com.ZeroTestClasses.TC02VarifyWatchlistSearchBoxISEnabled" time="7.119" errors="0" timestamp="2022-07-13T09:40:24 IST" skipped="0">
  <testcase classname="com.ZeroTestClasses.TC02VarifyWatchlistSearchBoxISEnabled" name="WatchListSearchBoxChecking" time="7.119"/>
  <system-out/>
</testsuite> <!-- com.ZeroTestClasses.TC02VarifyWatchlistSearchBoxISEnabled -->
