<?xml version="1.0" encoding="UTF-8"?>
<!-- Generated by org.testng.reporters.JUnitReportReporter -->
<testsuite hostname="LAPTOP-3TPPPFOH" failures="0" tests="1" name="com.ZeroTestClasses.TC03VarifyNewStockAddToWatchlist" time="11.345" errors="0" timestamp="2022-07-24T17:48:23 IST" skipped="0">
  <testcase classname="com.ZeroTestClasses.TC03VarifyNewStockAddToWatchlist" name="stockAddtoWatchlist" time="11.345"/>
  <system-out/>
</testsuite> <!-- com.ZeroTestClasses.TC03VarifyNewStockAddToWatchlist -->
