<?xml version="1.0" encoding="UTF-8"?>
<!-- Generated by org.testng.reporters.JUnitReportReporter -->
<testsuite hostname="LAPTOP-3TPPPFOH" failures="0" tests="1" name="com.ZeroTestClasses.TC_01_LogIn_DDTtest" time="0.000" errors="0" timestamp="2022-07-24T20:25:47 IST" skipped="1">
  <testcase classname="com.ZeroTestClasses.TC_01_LogIn_DDTtest" name="loginTest" time="0.000">
    <skipped/>
  </testcase> <!-- loginTest -->
  <system-out/>
</testsuite> <!-- com.ZeroTestClasses.TC_01_LogIn_DDTtest -->
